<?xml version="1.0" encoding="UTF-8"?>
<!-- Generated by org.testng.reporters.JUnitXMLReporter -->
<testsuite ignored="3" hostname="LAPTOP-N12FFOFH" failures="1" tests="4" name="Test" time="16.437" errors="0" timestamp="2024-05-20T09:59:21 IST">
  <testcase classname="testcases.registerTestCases" name="verifyRegistrrationWithValideData" time="2.653"/>
  <testcase classname="testcases.registerTestCases" name="verifyRegistrrationWithBlankData" time="0.753"/>
  <testcase classname="testcases.loginTestCases" name="verifyLoginWithInValidData" time="0.755">
    <failure type="java.lang.AssertionError" message="The following asserts failed:
	Your textis not matching expected [Warning: No match for E-Mail Address and/or Password.] but found [Warning: Your account has exceeded allowed number of login attempts. Please try again in 1 hour.]">
      <![CDATA[java.lang.AssertionError: The following asserts failed:
Your textis not matching expected [Warning: No match for E-Mail Address and/or Password.] but found [Warning: Your account has exceeded allowed number of login attempts. Please try again in 1 hour.]
at resources.commonMethods.handleAssertion(commonMethods.java:18)
at testcases.loginTestCases.verifyLoginWithInValidData(loginTestCases.java:101)
at java.base/java.util.ArrayList.forEach(ArrayList.java:1596)
... Removed 27 stack frames]]>
    </failure>
  </testcase> <!-- verifyLoginWithInValidData -->
  <testcase classname="testcases.loginTestCases" name="verifyLoginWithValidData" time="0.803"/>
  <testcase classname="resources.baseClass" name="@AfterSuite endReport" time="0.0">
    <ignored/>
  </testcase> <!-- @AfterSuite endReport -->
  <testcase classname="testcases.registerTestCases" name="verifyRegistrrationWithInvalideData" time="0.0">
    <ignored/>
  </testcase> <!-- verifyRegistrrationWithInvalideData -->
  <testcase classname="resources.baseClass" name="@BeforeSuite ExtentReport" time="0.0">
    <ignored/>
  </testcase> <!-- @BeforeSuite ExtentReport -->
</testsuite> <!-- Test -->
