<?xml version="1.0" encoding="UTF-8"?>
<!-- Generated by org.testng.reporters.JUnitXMLReporter -->
<testsuite ignored="3" hostname="LAPTOP-N12FFOFH" failures="2" tests="4" name="Test" time="9.829" errors="0" timestamp="2024-05-19T21:46:42 IST">
  <testcase classname="testcases.registerTestCases" name="verifyRegistrrationWithValideData" time="1.585"/>
  <testcase classname="testcases.registerTestCases" name="verifyRegistrrationWithBlankData" time="0.909"/>
  <testcase classname="testcases.loginTestCases" name="verifyLoginWithInValidData" time="0.834">
    <failure type="java.lang.AssertionError" message="The following asserts failed:
	Your textis not matching expected [Warning: No match for E-Mail Address and/or Password.] but found [Warning: Your account has exceeded allowed number of login attempts. Please try again in 1 hour.]">
      <![CDATA[java.lang.AssertionError: The following asserts failed:
Your textis not matching expected [Warning: No match for E-Mail Address and/or Password.] but found [Warning: Your account has exceeded allowed number of login attempts. Please try again in 1 hour.]
at resources.commonMethods.handleAssertion(commonMethods.java:18)
at testcases.loginTestCases.verifyLoginWithInValidData(loginTestCases.java:101)
at java.base/java.util.ArrayList.forEach(ArrayList.java:1596)
... Removed 27 stack frames]]>
    </failure>
  </testcase> <!-- verifyLoginWithInValidData -->
  <testcase classname="testcases.loginTestCases" name="verifyLoginWithInValidData" time="2.972">
    <failure type="java.lang.Error" message="Unresolved compilation problem: 
	Cannot make a static reference to the non-static field baseClass.driver
">
      <![CDATA[java.lang.Error: Unresolved compilation problem: 
Cannot make a static reference to the non-static field baseClass.driver

at resources.listeners.onTestFailure(listeners.java:42)
at java.base/java.util.ArrayList.forEach(ArrayList.java:1596)
... Removed 24 stack frames]]>
    </failure>
  </testcase> <!-- verifyLoginWithInValidData -->
  <testcase classname="resources.baseClass" name="@AfterSuite endReport" time="0.0">
    <ignored/>
  </testcase> <!-- @AfterSuite endReport -->
  <testcase classname="testcases.registerTestCases" name="verifyRegistrrationWithInvalideData" time="0.0">
    <ignored/>
  </testcase> <!-- verifyRegistrrationWithInvalideData -->
  <testcase classname="resources.baseClass" name="@BeforeSuite ExtentReport" time="0.0">
    <ignored/>
  </testcase> <!-- @BeforeSuite ExtentReport -->
</testsuite> <!-- Test -->
