<?xml version="1.0" encoding="UTF-8"?>
<testng-results ignored="0" total="3" passed="3" failed="0" skipped="0">
  <reporter-output>
  </reporter-output>
  <suite started-at="2024-05-08T00:41:20 IST" name="Suite" finished-at="2024-05-08T00:41:20 IST" duration-ms="107">
    <groups>
    </groups>
    <test started-at="2024-05-08T00:41:20 IST" name="Test" finished-at="2024-05-08T00:41:20 IST" duration-ms="107">
      <class name="testngconcepts.Demo1">
        <test-method signature="method1()[pri:0, instance:testngconcepts.Demo1@3c407114]" started-at="2024-05-08T00:41:20 IST" name="method1" finished-at="2024-05-08T00:41:20 IST" duration-ms="22" status="PASS">
          <reporter-output>
          </reporter-output>
        </test-method> <!-- method1 -->
      </class> <!-- testngconcepts.Demo1 -->
      <class name="testngconcepts.Demo2">
        <test-method signature="method1()[pri:0, instance:testngconcepts.Demo2@291ae]" started-at="2024-05-08T00:41:20 IST" name="method1" finished-at="2024-05-08T00:41:20 IST" duration-ms="12" status="PASS">
          <reporter-output>
          </reporter-output>
        </test-method> <!-- method1 -->
        <test-method signature="method2()[pri:0, instance:testngconcepts.Demo2@291ae]" started-at="2024-05-08T00:41:20 IST" name="method2" finished-at="2024-05-08T00:41:20 IST" duration-ms="4" status="PASS">
          <reporter-output>
          </reporter-output>
        </test-method> <!-- method2 -->
      </class> <!-- testngconcepts.Demo2 -->
    </test> <!-- Test -->
  </suite> <!-- Suite -->
</testng-results>
