<?xml version="1.0" encoding="UTF-8"?>
<testng-results ignored="3" total="7" passed="4" failed="0" skipped="0">
  <reporter-output>
  </reporter-output>
  <suite started-at="2024-05-19T21:33:45 IST" name="Suite" finished-at="2024-05-19T21:34:02 IST" duration-ms="17509">
    <groups>
    </groups>
    <test started-at="2024-05-19T21:33:45 IST" name="Test" finished-at="2024-05-19T21:34:02 IST" duration-ms="17509">
      <class name="testcases.loginTestCases">
        <test-method is-config="true" signature="browserAndurlLaunch()[pri:0, instance:testcases.loginTestCases@52bf72b5]" started-at="2024-05-19T21:33:56 IST" name="browserAndurlLaunch" finished-at="2024-05-19T21:33:58 IST" duration-ms="1946" status="PASS">
          <reporter-output>
          </reporter-output>
        </test-method> <!-- browserAndurlLaunch -->
        <test-method signature="verifyLoginWithInValidData()[pri:0, instance:testcases.loginTestCases@52bf72b5]" started-at="2024-05-19T21:33:58 IST" name="verifyLoginWithInValidData" finished-at="2024-05-19T21:33:59 IST" duration-ms="748" status="PASS">
          <reporter-output>
          </reporter-output>
        </test-method> <!-- verifyLoginWithInValidData -->
        <test-method is-config="true" signature="browserAndurlLaunch()[pri:0, instance:testcases.loginTestCases@52bf72b5]" started-at="2024-05-19T21:33:59 IST" name="browserAndurlLaunch" finished-at="2024-05-19T21:34:01 IST" duration-ms="2567" status="PASS">
          <reporter-output>
          </reporter-output>
        </test-method> <!-- browserAndurlLaunch -->
        <test-method signature="verifyLoginWithValidData()[pri:0, instance:testcases.loginTestCases@52bf72b5]" started-at="2024-05-19T21:34:01 IST" name="verifyLoginWithValidData" finished-at="2024-05-19T21:34:02 IST" duration-ms="1019" status="PASS">
          <reporter-output>
          </reporter-output>
        </test-method> <!-- verifyLoginWithValidData -->
      </class> <!-- testcases.loginTestCases -->
      <class name="testcases.registerTestCases">
        <test-method is-config="true" signature="ExtentReport()[pri:0, instance:testcases.registerTestCases@1aa7ecca]" started-at="2024-05-19T21:33:44 IST" name="ExtentReport" finished-at="2024-05-19T21:33:45 IST" duration-ms="292" status="PASS">
          <reporter-output>
          </reporter-output>
        </test-method> <!-- ExtentReport -->
        <test-method is-config="true" signature="browserAndurlLaunch()[pri:0, instance:testcases.registerTestCases@1aa7ecca]" started-at="2024-05-19T21:33:45 IST" name="browserAndurlLaunch" finished-at="2024-05-19T21:33:51 IST" duration-ms="6699" status="PASS">
          <reporter-output>
          </reporter-output>
        </test-method> <!-- browserAndurlLaunch -->
        <test-method signature="verifyRegistrrationWithValideData()[pri:1, instance:testcases.registerTestCases@1aa7ecca]" started-at="2024-05-19T21:33:51 IST" name="verifyRegistrrationWithValideData" finished-at="2024-05-19T21:33:53 IST" duration-ms="1587" status="PASS">
          <reporter-output>
          </reporter-output>
        </test-method> <!-- verifyRegistrrationWithValideData -->
        <test-method is-config="true" signature="browserAndurlLaunch()[pri:0, instance:testcases.registerTestCases@1aa7ecca]" started-at="2024-05-19T21:33:53 IST" name="browserAndurlLaunch" finished-at="2024-05-19T21:33:55 IST" duration-ms="1525" status="PASS">
          <reporter-output>
          </reporter-output>
        </test-method> <!-- browserAndurlLaunch -->
        <test-method signature="verifyRegistrrationWithBlankData()[pri:2, instance:testcases.registerTestCases@1aa7ecca]" started-at="2024-05-19T21:33:55 IST" name="verifyRegistrrationWithBlankData" finished-at="2024-05-19T21:33:56 IST" duration-ms="1372" status="PASS">
          <reporter-output>
          </reporter-output>
        </test-method> <!-- verifyRegistrrationWithBlankData -->
        <test-method is-config="true" signature="endReport()[pri:0, instance:testcases.registerTestCases@1aa7ecca]" started-at="2024-05-19T21:34:02 IST" name="endReport" finished-at="2024-05-19T21:34:03 IST" duration-ms="255" status="PASS">
          <reporter-output>
          </reporter-output>
        </test-method> <!-- endReport -->
      </class> <!-- testcases.registerTestCases -->
    </test> <!-- Test -->
  </suite> <!-- Suite -->
</testng-results>
